<?xml version="1.0" encoding="UTF-8"?>
<!-- Generated by org.testng.reporters.JUnitReportReporter -->
<testsuite skipped="0" hostname="DESKTOP-5CJ3U00" name="TestNGTutorial.FirstTestNG2" tests="3" failures="0" timestamp="2019-10-06T13:55:16 IST" time="0.017" errors="0">
  <testcase name="thirdtestcase" time="0.002" classname="TestNGTutorial.FirstTestNG2"/>
  <testcase name="firsttestcase" time="0.002" classname="TestNGTutorial.FirstTestNG2"/>
  <testcase name="secondtestcase" time="0.013" classname="TestNGTutorial.FirstTestNG2"/>
</testsuite> <!-- TestNGTutorial.FirstTestNG2 -->
