<?xml version="1.0" encoding="UTF-8"?>
<!-- Generated by org.testng.reporters.JUnitReportReporter -->
<testsuite skipped="0" hostname="DESKTOP-5CJ3U00" name="framework.test.MyTestNGArchTest" tests="2" failures="0" timestamp="2019-10-20T13:35:04 IST" time="0.031" errors="0">
  <testcase name="CheckPageTitle" time="0.020" classname="framework.test.MyTestNGArchTest"/>
  <testcase name="CheckUrl" time="0.011" classname="framework.test.MyTestNGArchTest"/>
</testsuite> <!-- framework.test.MyTestNGArchTest -->
